Build started 23.05.2014 10:50:42.
     1>Project "C:\Users\Олег\Documents\Visual Studio 2010\Projects\Курсова\Курсова\Курсова.vcxproj" on node 2 (build target(s)).
     1>InitializeBuildStatus:
         Creating "Debug\Курсова.unsuccessfulbuild" because "AlwaysCreate" was specified.
       ClCompile:
         All outputs are up-to-date.
         C:\Program Files\Microsoft Visual Studio 10.0\VC\bin\CL.exe /c /ZI /nologo /W3 /WX- /Od /Oy- /D WIN32 /D _DEBUG /D _CONSOLE /D _MBCS /Gm /EHsc /RTC1 /MDd /GS /fp:precise /Zc:wchar_t /Zc:forScope /Yu"StdAfx.h" /Fp"Debug\Курсова.pch" /Fo"Debug\\" /Fd"Debug\vc100.pdb" /Gd /TP /analyze- /errorReport:prompt "Курсова.cpp"
         Курсова.cpp
     1>c:\users\олег\documents\visual studio 2010\projects\курсова\курсова\курсова.cpp(60): warning C4129: ',' : unrecognized character escape sequence
     1>c:\users\олег\documents\visual studio 2010\projects\курсова\курсова\курсова.cpp(60): warning C4129: ' ' : unrecognized character escape sequence
     1>c:\users\олег\documents\visual studio 2010\projects\курсова\курсова\курсова.cpp(65): warning C4129: ',' : unrecognized character escape sequence
     1>c:\users\олег\documents\visual studio 2010\projects\курсова\курсова\курсова.cpp(65): warning C4129: ' ' : unrecognized character escape sequence
     1>c:\users\олег\documents\visual studio 2010\projects\курсова\курсова\курсова.cpp(160): warning C4996: 'strtok': This function or variable may be unsafe. Consider using strtok_s instead. To disable deprecation, use _CRT_SECURE_NO_WARNINGS. See online help for details.
                 c:\program files\microsoft visual studio 10.0\vc\include\string.h(197) : see declaration of 'strtok'
     1>c:\users\олег\documents\visual studio 2010\projects\курсова\курсова\курсова.cpp(164): warning C4996: 'strtok': This function or variable may be unsafe. Consider using strtok_s instead. To disable deprecation, use _CRT_SECURE_NO_WARNINGS. See online help for details.
                 c:\program files\microsoft visual studio 10.0\vc\include\string.h(197) : see declaration of 'strtok'
     1>c:\users\олег\documents\visual studio 2010\projects\курсова\курсова\курсова.cpp(212): warning C4996: 'spawnl': The POSIX name for this item is deprecated. Instead, use the ISO C++ conformant name: _spawnl. See online help for details.
                 c:\program files\microsoft visual studio 10.0\vc\include\process.h(195) : see declaration of 'spawnl'
     1>c:\users\олег\documents\visual studio 2010\projects\курсова\курсова\курсова.cpp(217): warning C4996: 'spawnl': The POSIX name for this item is deprecated. Instead, use the ISO C++ conformant name: _spawnl. See online help for details.
                 c:\program files\microsoft visual studio 10.0\vc\include\process.h(195) : see declaration of 'spawnl'
     1>c:\users\олег\documents\visual studio 2010\projects\курсова\курсова\курсова.cpp(222): warning C4996: 'spawnl': The POSIX name for this item is deprecated. Instead, use the ISO C++ conformant name: _spawnl. See online help for details.
                 c:\program files\microsoft visual studio 10.0\vc\include\process.h(195) : see declaration of 'spawnl'
     1>c:\users\олег\documents\visual studio 2010\projects\курсова\курсова\курсова.cpp(363): warning C4996: 'spawnl': The POSIX name for this item is deprecated. Instead, use the ISO C++ conformant name: _spawnl. See online help for details.
                 c:\program files\microsoft visual studio 10.0\vc\include\process.h(195) : see declaration of 'spawnl'
     1>c:\users\олег\documents\visual studio 2010\projects\курсова\курсова\курсова.cpp(369): warning C4996: 'strcpy': This function or variable may be unsafe. Consider using strcpy_s instead. To disable deprecation, use _CRT_SECURE_NO_WARNINGS. See online help for details.
                 c:\program files\microsoft visual studio 10.0\vc\include\string.h(105) : see declaration of 'strcpy'
     1>c:\users\олег\documents\visual studio 2010\projects\курсова\курсова\курсова.cpp(371): warning C4996: 'strtok': This function or variable may be unsafe. Consider using strtok_s instead. To disable deprecation, use _CRT_SECURE_NO_WARNINGS. See online help for details.
                 c:\program files\microsoft visual studio 10.0\vc\include\string.h(197) : see declaration of 'strtok'
     1>c:\users\олег\documents\visual studio 2010\projects\курсова\курсова\курсова.cpp(375): warning C4996: 'strcpy': This function or variable may be unsafe. Consider using strcpy_s instead. To disable deprecation, use _CRT_SECURE_NO_WARNINGS. See online help for details.
                 c:\program files\microsoft visual studio 10.0\vc\include\string.h(105) : see declaration of 'strcpy'
     1>c:\users\олег\documents\visual studio 2010\projects\курсова\курсова\курсова.cpp(377): warning C4996: 'strtok': This function or variable may be unsafe. Consider using strtok_s instead. To disable deprecation, use _CRT_SECURE_NO_WARNINGS. See online help for details.
                 c:\program files\microsoft visual studio 10.0\vc\include\string.h(197) : see declaration of 'strtok'
     1>c:\users\олег\documents\visual studio 2010\projects\курсова\курсова\курсова.cpp(380): warning C4996: 'strcpy': This function or variable may be unsafe. Consider using strcpy_s instead. To disable deprecation, use _CRT_SECURE_NO_WARNINGS. See online help for details.
                 c:\program files\microsoft visual studio 10.0\vc\include\string.h(105) : see declaration of 'strcpy'
     1>c:\users\олег\documents\visual studio 2010\projects\курсова\курсова\курсова.cpp(403): warning C4996: 'gets': This function or variable may be unsafe. Consider using gets_s instead. To disable deprecation, use _CRT_SECURE_NO_WARNINGS. See online help for details.
                 c:\program files\microsoft visual studio 10.0\vc\include\stdio.h(277) : see declaration of 'gets'
     1>c:\users\олег\documents\visual studio 2010\projects\курсова\курсова\курсова.cpp(415): warning C4996: 'strcpy': This function or variable may be unsafe. Consider using strcpy_s instead. To disable deprecation, use _CRT_SECURE_NO_WARNINGS. See online help for details.
                 c:\program files\microsoft visual studio 10.0\vc\include\string.h(105) : see declaration of 'strcpy'
     1>c:\users\олег\documents\visual studio 2010\projects\курсова\курсова\курсова.cpp(421): warning C4996: 'strcpy': This function or variable may be unsafe. Consider using strcpy_s instead. To disable deprecation, use _CRT_SECURE_NO_WARNINGS. See online help for details.
                 c:\program files\microsoft visual studio 10.0\vc\include\string.h(105) : see declaration of 'strcpy'
       ManifestResourceCompile:
         All outputs are up-to-date.
       Link:
         C:\Program Files\Microsoft Visual Studio 10.0\VC\bin\link.exe /ERRORREPORT:PROMPT /OUT:"C:\Users\Олег\Documents\Visual Studio 2010\Projects\Курсова\Debug\Курсова.exe" /INCREMENTAL /NOLOGO kernel32.lib user32.lib gdi32.lib winspool.lib comdlg32.lib advapi32.lib shell32.lib ole32.lib oleaut32.lib uuid.lib odbc32.lib odbccp32.lib /MANIFEST /ManifestFile:"Debug\Курсова.exe.intermediate.manifest" /MANIFESTUAC:"level='asInvoker' uiAccess='false'" /DEBUG /PDB:"C:\Users\Олег\Documents\Visual Studio 2010\Projects\Курсова\Debug\Курсова.pdb" /SUBSYSTEM:CONSOLE /TLBID:1 /DYNAMICBASE /NXCOMPAT /IMPLIB:"C:\Users\Олег\Documents\Visual Studio 2010\Projects\Курсова\Debug\Курсова.lib" /MACHINE:X86 "Debug\Курсова.exe.embed.manifest.res"
         Debug\stdafx.obj
         "Debug\Курсова.obj"
       Manifest:
         C:\Program Files\Microsoft SDKs\Windows\v7.0A\bin\mt.exe /nologo /verbose /out:"Debug\Курсова.exe.embed.manifest" /manifest "Debug\Курсова.exe.intermediate.manifest"
         All outputs are up-to-date.
       LinkEmbedManifest:
         All outputs are up-to-date.
         Курсова.vcxproj -> C:\Users\Олег\Documents\Visual Studio 2010\Projects\Курсова\Debug\Курсова.exe
       FinalizeBuildStatus:
         Deleting file "Debug\Курсова.unsuccessfulbuild".
         Touching "Debug\Курсова.lastbuildstate".
     1>Done Building Project "C:\Users\Олег\Documents\Visual Studio 2010\Projects\Курсова\Курсова\Курсова.vcxproj" (build target(s)).

Build succeeded.

Time Elapsed 00:00:05.58
