C:\Users\Олег\Documents\Visual Studio 2010\Projects\Курсова\Debug\Курсова.pdb
C:\Users\Олег\Documents\Visual Studio 2010\Projects\Курсова\Курсова\Debug\cl.command.1.tlog
C:\Users\Олег\Documents\Visual Studio 2010\Projects\Курсова\Курсова\Debug\CL.read.1.tlog
C:\Users\Олег\Documents\Visual Studio 2010\Projects\Курсова\Курсова\Debug\CL.write.1.tlog
C:\Users\Олег\Documents\Visual Studio 2010\Projects\Курсова\Курсова\Debug\link.command.1.tlog
C:\Users\Олег\Documents\Visual Studio 2010\Projects\Курсова\Курсова\Debug\link.read.1.tlog
C:\Users\Олег\Documents\Visual Studio 2010\Projects\Курсова\Курсова\Debug\link.write.1.tlog
C:\Users\Олег\Documents\Visual Studio 2010\Projects\Курсова\Курсова\Debug\link-cvtres.read.1.tlog
C:\Users\Олег\Documents\Visual Studio 2010\Projects\Курсова\Курсова\Debug\link-cvtres.write.1.tlog
C:\Users\Олег\Documents\Visual Studio 2010\Projects\Курсова\Курсова\Debug\rc.command.1.tlog
C:\Users\Олег\Documents\Visual Studio 2010\Projects\Курсова\Курсова\Debug\rc.read.1.tlog
C:\Users\Олег\Documents\Visual Studio 2010\Projects\Курсова\Курсова\Debug\rc.write.1.tlog
C:\USERS\Олег\DOCUMENTS\VISUAL STUDIO 2010\PROJECTS\Курсова\Курсова\DEBUG\STDAFX.OBJ
C:\Users\Олег\Documents\Visual Studio 2010\Projects\Курсова\Курсова\Debug\vc100.idb
C:\USERS\ОЛЕГ\DOCUMENTS\VISUAL STUDIO 2010\PROJECTS\КУРСОВА\КУРСОВА\DEBUG\VC100.PDB
C:\Users\Олег\Documents\Visual Studio 2010\Projects\Курсова\Курсова\Debug\Курсова.exe.embed.manifest
C:\USERS\Олег\DOCUMENTS\VISUAL STUDIO 2010\PROJECTS\Курсова\Курсова\DEBUG\Курсова.EXE.EMBED.MANIFEST.RES
C:\Users\Олег\Documents\Visual Studio 2010\Projects\Курсова\Курсова\Debug\Курсова.exe.intermediate.manifest
C:\USERS\Олег\DOCUMENTS\VISUAL STUDIO 2010\PROJECTS\Курсова\Курсова\DEBUG\Курсова.OBJ
C:\USERS\Олег\DOCUMENTS\VISUAL STUDIO 2010\PROJECTS\Курсова\Курсова\DEBUG\Курсова.PCH
C:\Users\Олег\Documents\Visual Studio 2010\Projects\Курсова\Курсова\Debug\Курсова_manifest.rc
